<?xml version="1.0" encoding="UTF-8"?>
<testng-results skipped="0" failed="0" ignored="0" total="3" passed="3">
  <reporter-output>
  </reporter-output>
  <suite name="Suite" duration-ms="11814" started-at="2020-02-08T16:23:59Z" finished-at="2020-02-08T16:24:11Z">
    <groups>
    </groups>
    <test name="Test1" duration-ms="4232" started-at="2020-02-08T16:23:59Z" finished-at="2020-02-08T16:24:03Z">
      <class name="Tests.OrangeHRMTest">
        <test-method status="PASS" signature="OrangeLoginTest()[pri:1, instance:Tests.OrangeHRMTest@290d210d]" name="OrangeLoginTest" duration-ms="4029" started-at="2020-02-08T16:23:59Z" finished-at="2020-02-08T16:24:03Z">
          <reporter-output>
          </reporter-output>
        </test-method> <!-- OrangeLoginTest -->
      </class> <!-- Tests.OrangeHRMTest -->
    </test> <!-- Test1 -->
    <test name="Test2" duration-ms="7488" started-at="2020-02-08T16:24:03Z" finished-at="2020-02-08T16:24:11Z">
      <class name="Tests.OrangeHRMTest">
        <test-method status="PASS" signature="StartTest()[pri:0, instance:Tests.OrangeHRMTest@290d210d]" name="StartTest" is-config="true" duration-ms="40065" started-at="2020-02-08T16:23:19Z" finished-at="2020-02-08T16:23:59Z">
          <reporter-output>
          </reporter-output>
        </test-method> <!-- StartTest -->
        <test-method status="PASS" signature="StartTest()[pri:0, instance:Tests.googleTest@37918c79]" name="StartTest" is-config="true" duration-ms="0" started-at="2020-02-08T16:23:59Z" finished-at="2020-02-08T16:23:59Z">
          <reporter-output>
          </reporter-output>
        </test-method> <!-- StartTest -->
        <test-method status="FAIL" signature="ShutDown()[pri:0, instance:Tests.OrangeHRMTest@290d210d]" name="ShutDown" is-config="true" duration-ms="32" started-at="2020-02-08T16:24:11Z" finished-at="2020-02-08T16:24:11Z">
          <exception class="org.openqa.selenium.NoSuchSessionException">
            <message>
              <![CDATA[invalid session id
Build info: version: '3.141.59', revision: 'e82be7d358', time: '2018-11-14T08:17:03'
System info: host: 'DESKTOP-6NI868R', ip: '10.0.75.1', os.name: 'Windows 10', os.arch: 'amd64', os.version: '10.0', java.version: '1.8.0_181'
Driver info: io.appium.java_client.AppiumDriver
Capabilities {appActivity: com.google.android.apps.chr..., appPackage: com.android.chrome, browserName: Chrome, chromedriverExecutable: E:\Selenium\Workspace\Appiu..., databaseEnabled: false, desired: {browserName: Chrome, chromedriverExecutable: E:\Selenium\Workspace\Appiu..., deviceName: Redmi, newCommandTimeout: 60, platformName: android, platformVersion: 7.0 NRD90M, udid: 0ed6de780404}, deviceApiLevel: 24, deviceManufacturer: Xiaomi, deviceModel: Redmi Note 4, deviceName: 0ed6de780404, deviceScreenDensity: 480, deviceScreenSize: 1080x1920, deviceUDID: 0ed6de780404, javascriptEnabled: true, locationContextEnabled: false, networkConnectionEnabled: true, newCommandTimeout: 60, pixelRatio: 3, platform: LINUX, platformName: ANDROID, platformVersion: 7.0, statBarHeight: 72, takesScreenshot: true, udid: 0ed6de780404, viewportRect: {height: 1848, left: 0, top: 72, width: 1080}, warnings: {}, webStorageEnabled: false}
Session ID: 492ec158-2b72-4d57-a611-3cd56f1657e3]]>
            </message>
            <full-stacktrace>
              <![CDATA[org.openqa.selenium.NoSuchSessionException: invalid session id
Build info: version: '3.141.59', revision: 'e82be7d358', time: '2018-11-14T08:17:03'
System info: host: 'DESKTOP-6NI868R', ip: '10.0.75.1', os.name: 'Windows 10', os.arch: 'amd64', os.version: '10.0', java.version: '1.8.0_181'
Driver info: io.appium.java_client.AppiumDriver
Capabilities {appActivity: com.google.android.apps.chr..., appPackage: com.android.chrome, browserName: Chrome, chromedriverExecutable: E:\Selenium\Workspace\Appiu..., databaseEnabled: false, desired: {browserName: Chrome, chromedriverExecutable: E:\Selenium\Workspace\Appiu..., deviceName: Redmi, newCommandTimeout: 60, platformName: android, platformVersion: 7.0 NRD90M, udid: 0ed6de780404}, deviceApiLevel: 24, deviceManufacturer: Xiaomi, deviceModel: Redmi Note 4, deviceName: 0ed6de780404, deviceScreenDensity: 480, deviceScreenSize: 1080x1920, deviceUDID: 0ed6de780404, javascriptEnabled: true, locationContextEnabled: false, networkConnectionEnabled: true, newCommandTimeout: 60, pixelRatio: 3, platform: LINUX, platformName: ANDROID, platformVersion: 7.0, statBarHeight: 72, takesScreenshot: true, udid: 0ed6de780404, viewportRect: {height: 1848, left: 0, top: 72, width: 1080}, warnings: {}, webStorageEnabled: false}
Session ID: 492ec158-2b72-4d57-a611-3cd56f1657e3
at sun.reflect.NativeConstructorAccessorImpl.newInstance0(Native Method)
at sun.reflect.NativeConstructorAccessorImpl.newInstance(NativeConstructorAccessorImpl.java:62)
at sun.reflect.DelegatingConstructorAccessorImpl.newInstance(DelegatingConstructorAccessorImpl.java:45)
at java.lang.reflect.Constructor.newInstance(Constructor.java:423)
at org.openqa.selenium.remote.http.W3CHttpResponseCodec.createException(W3CHttpResponseCodec.java:187)
at org.openqa.selenium.remote.http.W3CHttpResponseCodec.decode(W3CHttpResponseCodec.java:122)
at org.openqa.selenium.remote.http.W3CHttpResponseCodec.decode(W3CHttpResponseCodec.java:49)
at org.openqa.selenium.remote.HttpCommandExecutor.execute(HttpCommandExecutor.java:158)
at io.appium.java_client.remote.AppiumCommandExecutor.execute(AppiumCommandExecutor.java:239)
at org.openqa.selenium.remote.RemoteWebDriver.execute(RemoteWebDriver.java:552)
at io.appium.java_client.DefaultGenericMobileDriver.execute(DefaultGenericMobileDriver.java:45)
at io.appium.java_client.AppiumDriver.execute(AppiumDriver.java:1)
at org.openqa.selenium.remote.RemoteWebDriver.close(RemoteWebDriver.java:442)
at com.base.BaseClass.TearDown(BaseClass.java:42)
at Tests.OrangeHRMTest.ShutDown(OrangeHRMTest.java:32)
at sun.reflect.NativeMethodAccessorImpl.invoke0(Native Method)
at sun.reflect.NativeMethodAccessorImpl.invoke(NativeMethodAccessorImpl.java:62)
at sun.reflect.DelegatingMethodAccessorImpl.invoke(DelegatingMethodAccessorImpl.java:43)
at java.lang.reflect.Method.invoke(Method.java:498)
at org.testng.internal.MethodInvocationHelper.invokeMethod(MethodInvocationHelper.java:124)
at org.testng.internal.MethodInvocationHelper.invokeMethodConsideringTimeout(MethodInvocationHelper.java:59)
at org.testng.internal.Invoker.invokeConfigurationMethod(Invoker.java:458)
at org.testng.internal.Invoker.invokeConfigurations(Invoker.java:222)
at org.testng.internal.Invoker.invokeConfigurations(Invoker.java:142)
at org.testng.SuiteRunner.privateRun(SuiteRunner.java:425)
at org.testng.SuiteRunner.run(SuiteRunner.java:364)
at org.testng.SuiteRunnerWorker.runSuite(SuiteRunnerWorker.java:52)
at org.testng.SuiteRunnerWorker.run(SuiteRunnerWorker.java:84)
at org.testng.TestNG.runSuitesSequentially(TestNG.java:1208)
at org.testng.TestNG.runSuitesLocally(TestNG.java:1137)
at org.testng.TestNG.runSuites(TestNG.java:1049)
at org.testng.TestNG.run(TestNG.java:1017)
at org.testng.remote.AbstractRemoteTestNG.run(AbstractRemoteTestNG.java:114)
at org.testng.remote.RemoteTestNG.initAndRun(RemoteTestNG.java:251)
at org.testng.remote.RemoteTestNG.main(RemoteTestNG.java:77)
]]>
            </full-stacktrace>
          </exception> <!-- org.openqa.selenium.NoSuchSessionException -->
          <reporter-output>
          </reporter-output>
        </test-method> <!-- ShutDown -->
      </class> <!-- Tests.OrangeHRMTest -->
      <class name="Tests.googleTest">
        <test-method status="PASS" signature="googleSearchTest1()[pri:1, instance:Tests.googleTest@37918c79]" name="googleSearchTest1" duration-ms="4526" started-at="2020-02-08T16:24:03Z" finished-at="2020-02-08T16:24:08Z">
          <reporter-output>
          </reporter-output>
        </test-method> <!-- googleSearchTest1 -->
        <test-method status="PASS" signature="googleSearchTest2()[pri:2, instance:Tests.googleTest@37918c79]" name="googleSearchTest2" duration-ms="2003" started-at="2020-02-08T16:24:08Z" finished-at="2020-02-08T16:24:10Z">
          <reporter-output>
          </reporter-output>
        </test-method> <!-- googleSearchTest2 -->
        <test-method status="PASS" signature="ShutDown()[pri:0, instance:Tests.googleTest@37918c79]" name="ShutDown" is-config="true" duration-ms="942" started-at="2020-02-08T16:24:10Z" finished-at="2020-02-08T16:24:11Z">
          <reporter-output>
          </reporter-output>
        </test-method> <!-- ShutDown -->
      </class> <!-- Tests.googleTest -->
    </test> <!-- Test2 -->
  </suite> <!-- Suite -->
</testng-results>
